D:\DESENV\PROGGPU_CUDA\MATRIXPROCESSOR\DEBUG\MATRIXPROCESSOR.EXE
D:\DESENV\PROGGPU_CUDA\MATRIXPROCESSOR\DEBUG\MATRIXPROCESSOR.ILK
D:\DESENV\PROGGPU_CUDA\MATRIXPROCESSOR\DEBUG\MATRIXPROCESSOR.PDB
D:\desenv\proggpu_cuda\MatrixProcessor\MatrixProcessor\Debug\cl.command.1.tlog
D:\desenv\proggpu_cuda\MatrixProcessor\MatrixProcessor\Debug\CL.read.1.tlog
D:\desenv\proggpu_cuda\MatrixProcessor\MatrixProcessor\Debug\CL.write.1.tlog
D:\DESENV\PROGGPU_CUDA\MATRIXPROCESSOR\MATRIXPROCESSOR\DEBUG\CUDAMATRIXPROCESSORIMPL.OBJ
D:\DESENV\PROGGPU_CUDA\MATRIXPROCESSOR\MATRIXPROCESSOR\DEBUG\CUDAMATRIXPROCESSORTIMED.OBJ
D:\DESENV\PROGGPU_CUDA\MATRIXPROCESSOR\MATRIXPROCESSOR\DEBUG\CUDATIMER.OBJ
D:\DESENV\PROGGPU_CUDA\MATRIXPROCESSOR\MATRIXPROCESSOR\DEBUG\DOCUMENTMATRIXPROCESSOR.OBJ
D:\desenv\proggpu_cuda\MatrixProcessor\MatrixProcessor\Debug\general_kernels.cu.cache
D:\desenv\proggpu_cuda\MatrixProcessor\MatrixProcessor\Debug\general_kernels.cu.obj
D:\desenv\proggpu_cuda\MatrixProcessor\MatrixProcessor\Debug\general_kernels_specialized.cu.cache
D:\desenv\proggpu_cuda\MatrixProcessor\MatrixProcessor\Debug\general_kernels_specialized.cu.obj
D:\desenv\proggpu_cuda\MatrixProcessor\MatrixProcessor\Debug\kernels.cu.cache
D:\desenv\proggpu_cuda\MatrixProcessor\MatrixProcessor\Debug\kernels.cu.obj
D:\desenv\proggpu_cuda\MatrixProcessor\MatrixProcessor\Debug\link.1588.read.1.tlog
D:\desenv\proggpu_cuda\MatrixProcessor\MatrixProcessor\Debug\link.1588.write.1.tlog
D:\desenv\proggpu_cuda\MatrixProcessor\MatrixProcessor\Debug\link.1588-cvtres.read.1.tlog
D:\desenv\proggpu_cuda\MatrixProcessor\MatrixProcessor\Debug\link.1588-cvtres.write.1.tlog
D:\desenv\proggpu_cuda\MatrixProcessor\MatrixProcessor\Debug\link.2588.read.1.tlog
D:\desenv\proggpu_cuda\MatrixProcessor\MatrixProcessor\Debug\link.2588.write.1.tlog
D:\desenv\proggpu_cuda\MatrixProcessor\MatrixProcessor\Debug\link.2588-cvtres.read.1.tlog
D:\desenv\proggpu_cuda\MatrixProcessor\MatrixProcessor\Debug\link.2588-cvtres.write.1.tlog
D:\desenv\proggpu_cuda\MatrixProcessor\MatrixProcessor\Debug\link.340.read.1.tlog
D:\desenv\proggpu_cuda\MatrixProcessor\MatrixProcessor\Debug\link.340.write.1.tlog
D:\desenv\proggpu_cuda\MatrixProcessor\MatrixProcessor\Debug\link.340-cvtres.read.1.tlog
D:\desenv\proggpu_cuda\MatrixProcessor\MatrixProcessor\Debug\link.340-cvtres.write.1.tlog
D:\desenv\proggpu_cuda\MatrixProcessor\MatrixProcessor\Debug\link.4168.read.1.tlog
D:\desenv\proggpu_cuda\MatrixProcessor\MatrixProcessor\Debug\link.4168.write.1.tlog
D:\desenv\proggpu_cuda\MatrixProcessor\MatrixProcessor\Debug\link.4168-cvtres.read.1.tlog
D:\desenv\proggpu_cuda\MatrixProcessor\MatrixProcessor\Debug\link.4168-cvtres.write.1.tlog
D:\desenv\proggpu_cuda\MatrixProcessor\MatrixProcessor\Debug\link.4416.read.1.tlog
D:\desenv\proggpu_cuda\MatrixProcessor\MatrixProcessor\Debug\link.4416.write.1.tlog
D:\desenv\proggpu_cuda\MatrixProcessor\MatrixProcessor\Debug\link.4416-cvtres.read.1.tlog
D:\desenv\proggpu_cuda\MatrixProcessor\MatrixProcessor\Debug\link.4416-cvtres.write.1.tlog
D:\desenv\proggpu_cuda\MatrixProcessor\MatrixProcessor\Debug\link.636.read.1.tlog
D:\desenv\proggpu_cuda\MatrixProcessor\MatrixProcessor\Debug\link.636.write.1.tlog
D:\desenv\proggpu_cuda\MatrixProcessor\MatrixProcessor\Debug\link.636-cvtres.read.1.tlog
D:\desenv\proggpu_cuda\MatrixProcessor\MatrixProcessor\Debug\link.636-cvtres.write.1.tlog
D:\desenv\proggpu_cuda\MatrixProcessor\MatrixProcessor\Debug\link.command.1.tlog
D:\desenv\proggpu_cuda\MatrixProcessor\MatrixProcessor\Debug\link.read.1.tlog
D:\desenv\proggpu_cuda\MatrixProcessor\MatrixProcessor\Debug\link.write.1.tlog
D:\desenv\proggpu_cuda\MatrixProcessor\MatrixProcessor\Debug\link-cvtres.read.1.tlog
D:\desenv\proggpu_cuda\MatrixProcessor\MatrixProcessor\Debug\link-cvtres.write.1.tlog
D:\DESENV\PROGGPU_CUDA\MATRIXPROCESSOR\MATRIXPROCESSOR\DEBUG\MATRIXPROCESSOR.EXE.EMBED.MANIFEST
D:\DESENV\PROGGPU_CUDA\MATRIXPROCESSOR\MATRIXPROCESSOR\DEBUG\MATRIXPROCESSOR.EXE.EMBED.MANIFEST.RES
D:\DESENV\PROGGPU_CUDA\MATRIXPROCESSOR\MATRIXPROCESSOR\DEBUG\MATRIXPROCESSOR.EXE.INTERMEDIATE.MANIFEST
D:\desenv\proggpu_cuda\MatrixProcessor\MatrixProcessor\Debug\MatrixProcessor.vcxprojResolveAssemblyReference.cache
D:\desenv\proggpu_cuda\MatrixProcessor\MatrixProcessor\Debug\MatrixProcessor.write.1.tlog
D:\desenv\proggpu_cuda\MatrixProcessor\MatrixProcessor\Debug\MatrixProcessor_manifest.rc
D:\DESENV\PROGGPU_CUDA\MATRIXPROCESSOR\MATRIXPROCESSOR\DEBUG\MATRIXREADER.OBJ
D:\desenv\proggpu_cuda\MatrixProcessor\MatrixProcessor\Debug\mt.command.1.tlog
D:\desenv\proggpu_cuda\MatrixProcessor\MatrixProcessor\Debug\mt.read.1.tlog
D:\desenv\proggpu_cuda\MatrixProcessor\MatrixProcessor\Debug\mt.write.1.tlog
D:\desenv\proggpu_cuda\MatrixProcessor\MatrixProcessor\Debug\rc.command.1.tlog
D:\desenv\proggpu_cuda\MatrixProcessor\MatrixProcessor\Debug\rc.read.1.tlog
D:\desenv\proggpu_cuda\MatrixProcessor\MatrixProcessor\Debug\rc.write.1.tlog
D:\desenv\proggpu_cuda\MatrixProcessor\MatrixProcessor\Debug\reduce_kernels.cu.cache
D:\desenv\proggpu_cuda\MatrixProcessor\MatrixProcessor\Debug\reduce_kernels.cu.obj
D:\desenv\proggpu_cuda\MatrixProcessor\MatrixProcessor\Debug\reduce_kernels_specialized.cu.cache
D:\desenv\proggpu_cuda\MatrixProcessor\MatrixProcessor\Debug\reduce_kernels_specialized.cu.obj
D:\DESENV\PROGGPU_CUDA\MATRIXPROCESSOR\MATRIXPROCESSOR\DEBUG\SEQUENTIALMATRIXPROCESSORIMPL.OBJ
D:\desenv\proggpu_cuda\MatrixProcessor\MatrixProcessor\Debug\vc100.idb
D:\DESENV\PROGGPU_CUDA\MATRIXPROCESSOR\MATRIXPROCESSOR\DEBUG\VC100.PDB
